Arguments: 
  /usr/local/bin/node /usr/local/bin/yarn install --save react-router-dom

PATH: 
  /usr/bin:/bin:/usr/sbin:/sbin:/usr/local/bin

Yarn version: 
  1.5.1

Node version: 
  8.9.4

Platform: 
  darwin x64

npm manifest: 
  {
    "name": "nyt-react-search",
    "version": "1.0.0",
    "description": "",
    "main": "index.js",
    "scripts": {
      "test": "echo \"Error: no test specified\" && exit 1"
    },
    "repository": {
      "type": "git",
      "url": "git+https://github.com/hbedros/NYT-React-Search.git"
    },
    "author": "",
    "license": "ISC",
    "bugs": {
      "url": "https://github.com/hbedros/NYT-React-Search/issues"
    },
    "homepage": "https://github.com/hbedros/NYT-React-Search#readme"
  }

yarn manifest: 
  No manifest

Lockfile: 
  No lockfile

Trace: 
  Error: `install` has been replaced with `add` to add new dependencies. Run "yarn add react-router-dom" instead.
      at new MessageError (/usr/local/lib/node_modules/yarn/lib/cli.js:186:110)
      at Object.<anonymous> (/usr/local/lib/node_modules/yarn/lib/cli.js:21987:13)
      at Generator.next (<anonymous>)
      at step (/usr/local/lib/node_modules/yarn/lib/cli.js:98:30)
      at /usr/local/lib/node_modules/yarn/lib/cli.js:109:13
      at <anonymous>
